
*** Running vivado
    with args -log top.vds -m64 -product Vivado -mode batch -messageDb vivado.pb -notrace -source top.tcl


****** Vivado v2020.1 (64-bit)
  **** SW Build 2902540 on Wed May 27 19:54:35 MDT 2020
  **** IP Build 2902112 on Wed May 27 22:43:36 MDT 2020
    ** Copyright 1986-2020 Xilinx, Inc. All Rights Reserved.

source top.tcl -notrace
create_project: Time (s): cpu = 00:00:05 ; elapsed = 00:00:09 . Memory (MB): peak = 2213.910 ; gain = 2.020 ; free physical = 504 ; free virtual = 4408
Command: synth_design -top top -part xc7a200tfbg676-2
Starting synth_design
Attempting to get a license for feature 'Synthesis' and/or device 'xc7a200t'
INFO: [Common 17-349] Got license for feature 'Synthesis' and/or device 'xc7a200t'
INFO: [Device 21-403] Loading part xc7a200tfbg676-2
INFO: [Synth 8-7079] Multithreading enabled for synth_design using a maximum of 4 processes.
INFO: [Synth 8-7078] Launching helper process for spawning children vivado processes
INFO: [Synth 8-7075] Helper process launched with PID 12234
---------------------------------------------------------------------------------
Starting RTL Elaboration : Time (s): cpu = 00:00:07 ; elapsed = 00:00:16 . Memory (MB): peak = 2221.848 ; gain = 7.832 ; free physical = 151 ; free virtual = 3788
---------------------------------------------------------------------------------
INFO: [Synth 8-6157] synthesizing module 'top' [/home/daphnelme/Desktop/DAPHNE_TEST/2nd/loopback_v2/loopback_v2.srcs/sources_1/new/top.v:23]
INFO: [Synth 8-6157] synthesizing module 'PRBS_DATA' [/home/daphnelme/Desktop/DAPHNE_TEST/2nd/loopback_v2/loopback_v2.srcs/sources_1/new/PRBS_DATA.v:3]
INFO: [Synth 8-6155] done synthesizing module 'PRBS_DATA' (1#1) [/home/daphnelme/Desktop/DAPHNE_TEST/2nd/loopback_v2/loopback_v2.srcs/sources_1/new/PRBS_DATA.v:3]
INFO: [Synth 8-6157] synthesizing module 'FIFO34' [/home/daphnelme/Desktop/DAPHNE_TEST/2nd/loopback_v2/loopback_v2.srcs/sources_1/new/FIFO34.v:2]
INFO: [Synth 8-6155] done synthesizing module 'FIFO34' (2#1) [/home/daphnelme/Desktop/DAPHNE_TEST/2nd/loopback_v2/loopback_v2.srcs/sources_1/new/FIFO34.v:2]
INFO: [Synth 8-6157] synthesizing module 'FMSC' [/home/daphnelme/Desktop/DAPHNE_TEST/2nd/loopback_v2/loopback_v2.srcs/sources_1/new/FMSC.v:2]
INFO: [Synth 8-155] case statement is not full and has no default [/home/daphnelme/Desktop/DAPHNE_TEST/2nd/loopback_v2/loopback_v2.srcs/sources_1/new/FMSC.v:167]
INFO: [Synth 8-155] case statement is not full and has no default [/home/daphnelme/Desktop/DAPHNE_TEST/2nd/loopback_v2/loopback_v2.srcs/sources_1/new/FMSC.v:238]
INFO: [Synth 8-6155] done synthesizing module 'FMSC' (3#1) [/home/daphnelme/Desktop/DAPHNE_TEST/2nd/loopback_v2/loopback_v2.srcs/sources_1/new/FMSC.v:2]
INFO: [Synth 8-638] synthesizing module 'CRC' [/home/daphnelme/Desktop/DAPHNE_TEST/2nd/loopback_v2/loopback_v2.srcs/sources_1/new/crc.vhd:32]
	Parameter Nbits bound to: 32 - type: integer 
	Parameter CRC_Width bound to: 20 - type: integer 
	Parameter G_Poly bound to: 20'b10000011010110011111 
	Parameter G_InitVal bound to: 20'b11111111111111111111 
INFO: [Synth 8-256] done synthesizing module 'CRC' (4#1) [/home/daphnelme/Desktop/DAPHNE_TEST/2nd/loopback_v2/loopback_v2.srcs/sources_1/new/crc.vhd:32]
INFO: [Synth 8-6157] synthesizing module 'TX' [/home/daphnelme/Desktop/DAPHNE_TEST/2nd/loopback_v2/loopback_v2.srcs/sources_1/new/TX.v:8]
	Parameter EXAMPLE_CONFIG_INDEPENDENT_LANES bound to: 1 - type: integer 
	Parameter EXAMPLE_LANE_WITH_START_CHAR bound to: 0 - type: integer 
	Parameter EXAMPLE_WORDS_IN_BRAM bound to: 512 - type: integer 
	Parameter EXAMPLE_SIM_GTRESET_SPEEDUP bound to: FALSE - type: string 
	Parameter EXAMPLE_USE_CHIPSCOPE bound to: 0 - type: integer 
	Parameter STABLE_CLOCK_PERIOD bound to: 10 - type: integer 
INFO: [Synth 8-6157] synthesizing module 'DAPHNE_TX' [/home/daphnelme/Desktop/DAPHNE_TEST/2nd/loopback_v2/loopback_v2.runs/synth_1/.Xil/Vivado-11934-daphne.linktest.lme/realtime/DAPHNE_TX_stub.v:6]
INFO: [Synth 8-6155] done synthesizing module 'DAPHNE_TX' (5#1) [/home/daphnelme/Desktop/DAPHNE_TEST/2nd/loopback_v2/loopback_v2.runs/synth_1/.Xil/Vivado-11934-daphne.linktest.lme/realtime/DAPHNE_TX_stub.v:6]
INFO: [Synth 8-6157] synthesizing module 'IBUFDS' [/home/daphnelme/Xilinx/Vivado/2020.1/scripts/rt/data/unisim_comp.v:32992]
	Parameter CAPACITANCE bound to: DONT_CARE - type: string 
	Parameter DIFF_TERM bound to: FALSE - type: string 
	Parameter DQS_BIAS bound to: FALSE - type: string 
	Parameter IBUF_DELAY_VALUE bound to: 0 - type: string 
	Parameter IBUF_LOW_PWR bound to: TRUE - type: string 
	Parameter IFD_DELAY_VALUE bound to: AUTO - type: string 
	Parameter IOSTANDARD bound to: DEFAULT - type: string 
INFO: [Synth 8-6155] done synthesizing module 'IBUFDS' (6#1) [/home/daphnelme/Xilinx/Vivado/2020.1/scripts/rt/data/unisim_comp.v:32992]
INFO: [Synth 8-6157] synthesizing module 'BUFG' [/home/daphnelme/Xilinx/Vivado/2020.1/scripts/rt/data/unisim_comp.v:1083]
INFO: [Synth 8-6155] done synthesizing module 'BUFG' (7#1) [/home/daphnelme/Xilinx/Vivado/2020.1/scripts/rt/data/unisim_comp.v:1083]
INFO: [Synth 8-6155] done synthesizing module 'TX' (8#1) [/home/daphnelme/Desktop/DAPHNE_TEST/2nd/loopback_v2/loopback_v2.srcs/sources_1/new/TX.v:8]
INFO: [Synth 8-6155] done synthesizing module 'top' (9#1) [/home/daphnelme/Desktop/DAPHNE_TEST/2nd/loopback_v2/loopback_v2.srcs/sources_1/new/top.v:23]
---------------------------------------------------------------------------------
Finished RTL Elaboration : Time (s): cpu = 00:00:09 ; elapsed = 00:00:26 . Memory (MB): peak = 2283.039 ; gain = 69.023 ; free physical = 226 ; free virtual = 3755
---------------------------------------------------------------------------------
---------------------------------------------------------------------------------
Start Handling Custom Attributes
---------------------------------------------------------------------------------
---------------------------------------------------------------------------------
Finished Handling Custom Attributes : Time (s): cpu = 00:00:10 ; elapsed = 00:00:29 . Memory (MB): peak = 2288.973 ; gain = 74.957 ; free physical = 187 ; free virtual = 3737
---------------------------------------------------------------------------------
---------------------------------------------------------------------------------
Finished RTL Optimization Phase 1 : Time (s): cpu = 00:00:10 ; elapsed = 00:00:29 . Memory (MB): peak = 2288.973 ; gain = 74.957 ; free physical = 187 ; free virtual = 3737
---------------------------------------------------------------------------------
Netlist sorting complete. Time (s): cpu = 00:00:00.02 ; elapsed = 00:00:00.19 . Memory (MB): peak = 2292.941 ; gain = 0.000 ; free physical = 147 ; free virtual = 3716
INFO: [Netlist 29-17] Analyzing 1 Unisim elements for replacement
INFO: [Netlist 29-28] Unisim Transformation completed in 0 CPU seconds
INFO: [Project 1-570] Preparing netlist for logic optimization

Processing XDC Constraints
Initializing timing engine
Parsing XDC File [/home/daphnelme/Desktop/DAPHNE_TEST/2nd/loopback_v2/loopback_v2.srcs/sources_1/ip/DAPHNE_TX/DAPHNE_TX/DAPHNE_TX_in_context.xdc] for cell 'TX/DAPHNE_TX_support_i'
create_clock: Time (s): cpu = 00:00:00.55 ; elapsed = 00:00:05 . Memory (MB): peak = 2418.773 ; gain = 0.000 ; free physical = 143 ; free virtual = 3517
WARNING: [Vivado 12-584] No ports matched ''. [/home/daphnelme/Desktop/DAPHNE_TEST/2nd/loopback_v2/loopback_v2.srcs/sources_1/ip/DAPHNE_TX/DAPHNE_TX/DAPHNE_TX_in_context.xdc:2]
WARNING: [Vivado 12-584] No ports matched ''. [/home/daphnelme/Desktop/DAPHNE_TEST/2nd/loopback_v2/loopback_v2.srcs/sources_1/ip/DAPHNE_TX/DAPHNE_TX/DAPHNE_TX_in_context.xdc:4]
WARNING: [Vivado 12-584] No ports matched ''. [/home/daphnelme/Desktop/DAPHNE_TEST/2nd/loopback_v2/loopback_v2.srcs/sources_1/ip/DAPHNE_TX/DAPHNE_TX/DAPHNE_TX_in_context.xdc:6]
Finished Parsing XDC File [/home/daphnelme/Desktop/DAPHNE_TEST/2nd/loopback_v2/loopback_v2.srcs/sources_1/ip/DAPHNE_TX/DAPHNE_TX/DAPHNE_TX_in_context.xdc] for cell 'TX/DAPHNE_TX_support_i'
Parsing XDC File [/home/daphnelme/Desktop/DAPHNE_TEST/2nd/loopback_v2/loopback_v2.srcs/constrs_1/new/const.xdc]
WARNING: [Vivado 12-2489] -period contains time 4.166700 which will be rounded to 4.167 to ensure it is an integer multiple of 1 picosecond [/home/daphnelme/Desktop/DAPHNE_TEST/2nd/loopback_v2/loopback_v2.srcs/constrs_1/new/const.xdc:9]
Finished Parsing XDC File [/home/daphnelme/Desktop/DAPHNE_TEST/2nd/loopback_v2/loopback_v2.srcs/constrs_1/new/const.xdc]
INFO: [Project 1-236] Implementation specific constraints were found while reading constraint file [/home/daphnelme/Desktop/DAPHNE_TEST/2nd/loopback_v2/loopback_v2.srcs/constrs_1/new/const.xdc]. These constraints will be ignored for synthesis but will be used in implementation. Impacted constraints are listed in the file [.Xil/top_propImpl.xdc].
Resolution: To avoid this warning, move constraints listed in [.Xil/top_propImpl.xdc] to another XDC file and exclude this new file from synthesis with the used_in_synthesis property (File Properties dialog in GUI) and re-run elaboration/synthesis.
Completed Processing XDC Constraints

Netlist sorting complete. Time (s): cpu = 00:00:00 ; elapsed = 00:00:00 . Memory (MB): peak = 2421.742 ; gain = 0.000 ; free physical = 736 ; free virtual = 3732
INFO: [Project 1-111] Unisim Transformation Summary:
No Unisim elements were transformed.

Constraint Validation Runtime : Time (s): cpu = 00:00:00.01 ; elapsed = 00:00:00.93 . Memory (MB): peak = 2421.742 ; gain = 0.000 ; free physical = 727 ; free virtual = 3731
---------------------------------------------------------------------------------
Finished Constraint Validation : Time (s): cpu = 00:00:22 ; elapsed = 00:01:29 . Memory (MB): peak = 2421.742 ; gain = 207.727 ; free physical = 660 ; free virtual = 3807
---------------------------------------------------------------------------------
---------------------------------------------------------------------------------
Start Loading Part and Timing Information
---------------------------------------------------------------------------------
Loading part: xc7a200tfbg676-2
---------------------------------------------------------------------------------
Finished Loading Part and Timing Information : Time (s): cpu = 00:00:22 ; elapsed = 00:01:30 . Memory (MB): peak = 2421.742 ; gain = 207.727 ; free physical = 658 ; free virtual = 3807
---------------------------------------------------------------------------------
---------------------------------------------------------------------------------
Start Applying 'set_property' XDC Constraints
---------------------------------------------------------------------------------
Applied set_property DONT_TOUCH = true for TX/DAPHNE_TX_support_i. (constraint file  auto generated constraint, line ).
---------------------------------------------------------------------------------
Finished applying 'set_property' XDC Constraints : Time (s): cpu = 00:00:22 ; elapsed = 00:01:30 . Memory (MB): peak = 2421.742 ; gain = 207.727 ; free physical = 656 ; free virtual = 3807
---------------------------------------------------------------------------------
INFO: [Synth 8-802] inferred FSM for state register 'convert_state_reg' in module 'PRBS_DATA'
INFO: [Synth 8-802] inferred FSM for state register 'fsm_state_reg' in module 'FMSC'
INFO: [Synth 8-802] inferred FSM for state register 'control_state_reg' in module 'FMSC'
---------------------------------------------------------------------------------------------------
                   State |                     New Encoding |                Previous Encoding 
---------------------------------------------------------------------------------------------------
                 iSTATE2 |                              000 |                              000
*
                 iSTATE0 |                              001 |                              001
                 iSTATE3 |                              010 |                              010
                 iSTATE1 |                              011 |                              011
                  iSTATE |                              100 |                              100
---------------------------------------------------------------------------------------------------
INFO: [Synth 8-3354] encoded FSM with state register 'convert_state_reg' using encoding 'sequential' in module 'PRBS_DATA'
---------------------------------------------------------------------------------------------------
                   State |                     New Encoding |                Previous Encoding 
---------------------------------------------------------------------------------------------------
                 iSTATE1 |                              000 |                              000
*
                 iSTATE2 |                              001 |                              001
                 iSTATE3 |                              010 |                              010
                  iSTATE |                              011 |                              011
                 iSTATE0 |                              100 |                              100
---------------------------------------------------------------------------------------------------
INFO: [Synth 8-3354] encoded FSM with state register 'fsm_state_reg' using encoding 'sequential' in module 'FMSC'
---------------------------------------------------------------------------------------------------
                   State |                     New Encoding |                Previous Encoding 
---------------------------------------------------------------------------------------------------
                 iSTATE0 |                               00 |                               00
*
                 iSTATE1 |                               01 |                               01
                  iSTATE |                               10 |                               10
---------------------------------------------------------------------------------------------------
INFO: [Synth 8-3354] encoded FSM with state register 'control_state_reg' using encoding 'sequential' in module 'FMSC'
---------------------------------------------------------------------------------
Finished RTL Optimization Phase 2 : Time (s): cpu = 00:00:23 ; elapsed = 00:01:32 . Memory (MB): peak = 2421.742 ; gain = 207.727 ; free physical = 642 ; free virtual = 3799
---------------------------------------------------------------------------------
---------------------------------------------------------------------------------
Start RTL Component Statistics 
---------------------------------------------------------------------------------
Detailed RTL Component Info : 
+---Adders : 
	   2 Input   16 Bit       Adders := 2     
	   2 Input    4 Bit       Adders := 2     
	   2 Input    3 Bit       Adders := 1     
+---XORs : 
	   2 Input     20 Bit         XORs := 84    
	   2 Input     16 Bit         XORs := 2     
	   2 Input      1 Bit         XORs := 32    
+---Registers : 
	               32 Bit    Registers := 3     
	               20 Bit    Registers := 3     
	               16 Bit    Registers := 6     
	               15 Bit    Registers := 1     
	                7 Bit    Registers := 1     
	                4 Bit    Registers := 2     
	                3 Bit    Registers := 1     
	                2 Bit    Registers := 3     
	                1 Bit    Registers := 8     
+---RAMs : 
	            1088K Bit	(32768 X 34 bit)          RAMs := 1     
+---Muxes : 
	   2 Input   32 Bit        Muxes := 2     
	   2 Input   20 Bit        Muxes := 66    
	   2 Input    4 Bit        Muxes := 2     
	   5 Input    4 Bit        Muxes := 2     
	   5 Input    3 Bit        Muxes := 3     
	   2 Input    3 Bit        Muxes := 6     
	   4 Input    3 Bit        Muxes := 1     
	   2 Input    2 Bit        Muxes := 4     
	   5 Input    2 Bit        Muxes := 1     
	   3 Input    2 Bit        Muxes := 1     
	   4 Input    2 Bit        Muxes := 1     
	   2 Input    1 Bit        Muxes := 8     
	   5 Input    1 Bit        Muxes := 20    
	   4 Input    1 Bit        Muxes := 6     
	   3 Input    1 Bit        Muxes := 4     
---------------------------------------------------------------------------------
Finished RTL Component Statistics 
---------------------------------------------------------------------------------
---------------------------------------------------------------------------------
Start Part Resource Summary
---------------------------------------------------------------------------------
Part Resources:
DSPs: 740 (col length:100)
BRAMs: 730 (col length: RAMB18 100 RAMB36 50)
---------------------------------------------------------------------------------
Finished Part Resource Summary
---------------------------------------------------------------------------------
---------------------------------------------------------------------------------
Start Cross Boundary and Area Optimization
---------------------------------------------------------------------------------
RAM Pipeline Warning: Read Address Register Found For RAM FIFO34/storage_reg. We will not be able to pipeline it. This may degrade performance. 
RAM Pipeline Warning: Read Address Register Found For RAM FIFO34/storage_reg. We will not be able to pipeline it. This may degrade performance. 
RAM Pipeline Warning: Read Address Register Found For RAM FIFO34/storage_reg. We will not be able to pipeline it. This may degrade performance. 
---------------------------------------------------------------------------------
Finished Cross Boundary and Area Optimization : Time (s): cpu = 00:00:30 ; elapsed = 00:01:40 . Memory (MB): peak = 2421.742 ; gain = 207.727 ; free physical = 590 ; free virtual = 3780
---------------------------------------------------------------------------------
---------------------------------------------------------------------------------
Start ROM, RAM, DSP and Shift Register Reporting
---------------------------------------------------------------------------------

Block RAM: Preliminary Mapping	Report (see note below)
+------------+--------------------+------------------------+---+---+------------------------+---+---+------------------+--------+--------+
|Module Name | RTL Object         | PORT A (Depth x Width) | W | R | PORT B (Depth x Width) | W | R | Ports driving FF | RAMB18 | RAMB36 | 
+------------+--------------------+------------------------+---+---+------------------------+---+---+------------------+--------+--------+
|top         | FIFO34/storage_reg | 32 K x 34(READ_FIRST)  | W |   | 32 K x 34(WRITE_FIRST) |   | R | Port A and B     | 0      | 34     | 
+------------+--------------------+------------------------+---+---+------------------------+---+---+------------------+--------+--------+

Note: The table above is a preliminary report that shows the Block RAMs at the current stage of the synthesis flow. Some Block RAMs may be reimplemented as non Block RAM primitives later in the synthesis flow. Multiple instantiated Block RAMs are reported only once. 
---------------------------------------------------------------------------------
Finished ROM, RAM, DSP and Shift Register Reporting
---------------------------------------------------------------------------------
---------------------------------------------------------------------------------
Start Applying XDC Timing Constraints
---------------------------------------------------------------------------------
---------------------------------------------------------------------------------
Finished Applying XDC Timing Constraints : Time (s): cpu = 00:00:38 ; elapsed = 00:01:54 . Memory (MB): peak = 2421.742 ; gain = 207.727 ; free physical = 411 ; free virtual = 3661
---------------------------------------------------------------------------------
---------------------------------------------------------------------------------
Start Timing Optimization
---------------------------------------------------------------------------------
---------------------------------------------------------------------------------
Finished Timing Optimization : Time (s): cpu = 00:00:40 ; elapsed = 00:01:56 . Memory (MB): peak = 2437.742 ; gain = 223.727 ; free physical = 396 ; free virtual = 3650
---------------------------------------------------------------------------------
---------------------------------------------------------------------------------
Start ROM, RAM, DSP and Shift Register Reporting
---------------------------------------------------------------------------------

Block RAM: Final Mapping	Report
+------------+--------------------+------------------------+---+---+------------------------+---+---+------------------+--------+--------+
|Module Name | RTL Object         | PORT A (Depth x Width) | W | R | PORT B (Depth x Width) | W | R | Ports driving FF | RAMB18 | RAMB36 | 
+------------+--------------------+------------------------+---+---+------------------------+---+---+------------------+--------+--------+
|top         | FIFO34/storage_reg | 32 K x 34(READ_FIRST)  | W |   | 32 K x 34(WRITE_FIRST) |   | R | Port A and B     | 0      | 34     | 
+------------+--------------------+------------------------+---+---+------------------------+---+---+------------------+--------+--------+

---------------------------------------------------------------------------------
Finished ROM, RAM, DSP and Shift Register Reporting
---------------------------------------------------------------------------------
---------------------------------------------------------------------------------
Start Technology Mapping
---------------------------------------------------------------------------------
INFO: [Synth 8-7052] The timing for the instance FIFO34/storage_reg_0_0 (implemented as a Block RAM) might be sub-optimal as no optional output register could be merged into the ram block. Providing additional output register may help in improving timing.
INFO: [Synth 8-7052] The timing for the instance FIFO34/storage_reg_0_1 (implemented as a Block RAM) might be sub-optimal as no optional output register could be merged into the ram block. Providing additional output register may help in improving timing.
INFO: [Synth 8-7052] The timing for the instance FIFO34/storage_reg_0_2 (implemented as a Block RAM) might be sub-optimal as no optional output register could be merged into the ram block. Providing additional output register may help in improving timing.
INFO: [Synth 8-7052] The timing for the instance FIFO34/storage_reg_0_3 (implemented as a Block RAM) might be sub-optimal as no optional output register could be merged into the ram block. Providing additional output register may help in improving timing.
INFO: [Synth 8-7052] The timing for the instance FIFO34/storage_reg_0_4 (implemented as a Block RAM) might be sub-optimal as no optional output register could be merged into the ram block. Providing additional output register may help in improving timing.
INFO: [Synth 8-7052] The timing for the instance FIFO34/storage_reg_0_5 (implemented as a Block RAM) might be sub-optimal as no optional output register could be merged into the ram block. Providing additional output register may help in improving timing.
INFO: [Synth 8-7052] The timing for the instance FIFO34/storage_reg_0_6 (implemented as a Block RAM) might be sub-optimal as no optional output register could be merged into the ram block. Providing additional output register may help in improving timing.
INFO: [Synth 8-7052] The timing for the instance FIFO34/storage_reg_0_7 (implemented as a Block RAM) might be sub-optimal as no optional output register could be merged into the ram block. Providing additional output register may help in improving timing.
INFO: [Synth 8-7052] The timing for the instance FIFO34/storage_reg_0_8 (implemented as a Block RAM) might be sub-optimal as no optional output register could be merged into the ram block. Providing additional output register may help in improving timing.
INFO: [Synth 8-7052] The timing for the instance FIFO34/storage_reg_0_9 (implemented as a Block RAM) might be sub-optimal as no optional output register could be merged into the ram block. Providing additional output register may help in improving timing.
INFO: [Synth 8-7052] The timing for the instance FIFO34/storage_reg_0_10 (implemented as a Block RAM) might be sub-optimal as no optional output register could be merged into the ram block. Providing additional output register may help in improving timing.
INFO: [Synth 8-7052] The timing for the instance FIFO34/storage_reg_0_11 (implemented as a Block RAM) might be sub-optimal as no optional output register could be merged into the ram block. Providing additional output register may help in improving timing.
INFO: [Synth 8-7052] The timing for the instance FIFO34/storage_reg_0_12 (implemented as a Block RAM) might be sub-optimal as no optional output register could be merged into the ram block. Providing additional output register may help in improving timing.
INFO: [Synth 8-7052] The timing for the instance FIFO34/storage_reg_0_13 (implemented as a Block RAM) might be sub-optimal as no optional output register could be merged into the ram block. Providing additional output register may help in improving timing.
INFO: [Synth 8-7052] The timing for the instance FIFO34/storage_reg_0_14 (implemented as a Block RAM) might be sub-optimal as no optional output register could be merged into the ram block. Providing additional output register may help in improving timing.
INFO: [Synth 8-7052] The timing for the instance FIFO34/storage_reg_0_15 (implemented as a Block RAM) might be sub-optimal as no optional output register could be merged into the ram block. Providing additional output register may help in improving timing.
INFO: [Synth 8-7052] The timing for the instance FIFO34/storage_reg_0_16 (implemented as a Block RAM) might be sub-optimal as no optional output register could be merged into the ram block. Providing additional output register may help in improving timing.
INFO: [Synth 8-7052] The timing for the instance FIFO34/storage_reg_0_17 (implemented as a Block RAM) might be sub-optimal as no optional output register could be merged into the ram block. Providing additional output register may help in improving timing.
INFO: [Synth 8-7052] The timing for the instance FIFO34/storage_reg_0_18 (implemented as a Block RAM) might be sub-optimal as no optional output register could be merged into the ram block. Providing additional output register may help in improving timing.
INFO: [Synth 8-7052] The timing for the instance FIFO34/storage_reg_0_19 (implemented as a Block RAM) might be sub-optimal as no optional output register could be merged into the ram block. Providing additional output register may help in improving timing.
INFO: [Synth 8-7052] The timing for the instance FIFO34/storage_reg_0_20 (implemented as a Block RAM) might be sub-optimal as no optional output register could be merged into the ram block. Providing additional output register may help in improving timing.
INFO: [Synth 8-7052] The timing for the instance FIFO34/storage_reg_0_21 (implemented as a Block RAM) might be sub-optimal as no optional output register could be merged into the ram block. Providing additional output register may help in improving timing.
INFO: [Synth 8-7052] The timing for the instance FIFO34/storage_reg_0_22 (implemented as a Block RAM) might be sub-optimal as no optional output register could be merged into the ram block. Providing additional output register may help in improving timing.
INFO: [Synth 8-7052] The timing for the instance FIFO34/storage_reg_0_23 (implemented as a Block RAM) might be sub-optimal as no optional output register could be merged into the ram block. Providing additional output register may help in improving timing.
INFO: [Synth 8-7052] The timing for the instance FIFO34/storage_reg_0_24 (implemented as a Block RAM) might be sub-optimal as no optional output register could be merged into the ram block. Providing additional output register may help in improving timing.
INFO: [Synth 8-7052] The timing for the instance FIFO34/storage_reg_0_25 (implemented as a Block RAM) might be sub-optimal as no optional output register could be merged into the ram block. Providing additional output register may help in improving timing.
INFO: [Synth 8-7052] The timing for the instance FIFO34/storage_reg_0_26 (implemented as a Block RAM) might be sub-optimal as no optional output register could be merged into the ram block. Providing additional output register may help in improving timing.
INFO: [Synth 8-7052] The timing for the instance FIFO34/storage_reg_0_27 (implemented as a Block RAM) might be sub-optimal as no optional output register could be merged into the ram block. Providing additional output register may help in improving timing.
INFO: [Synth 8-7052] The timing for the instance FIFO34/storage_reg_0_28 (implemented as a Block RAM) might be sub-optimal as no optional output register could be merged into the ram block. Providing additional output register may help in improving timing.
INFO: [Synth 8-7052] The timing for the instance FIFO34/storage_reg_0_29 (implemented as a Block RAM) might be sub-optimal as no optional output register could be merged into the ram block. Providing additional output register may help in improving timing.
INFO: [Synth 8-7052] The timing for the instance FIFO34/storage_reg_0_30 (implemented as a Block RAM) might be sub-optimal as no optional output register could be merged into the ram block. Providing additional output register may help in improving timing.
INFO: [Synth 8-7052] The timing for the instance FIFO34/storage_reg_0_31 (implemented as a Block RAM) might be sub-optimal as no optional output register could be merged into the ram block. Providing additional output register may help in improving timing.
INFO: [Synth 8-7052] The timing for the instance FIFO34/storage_reg_0_32 (implemented as a Block RAM) might be sub-optimal as no optional output register could be merged into the ram block. Providing additional output register may help in improving timing.
INFO: [Synth 8-7052] The timing for the instance FIFO34/storage_reg_0_33 (implemented as a Block RAM) might be sub-optimal as no optional output register could be merged into the ram block. Providing additional output register may help in improving timing.
---------------------------------------------------------------------------------
Finished Technology Mapping : Time (s): cpu = 00:00:40 ; elapsed = 00:01:57 . Memory (MB): peak = 2445.750 ; gain = 231.734 ; free physical = 393 ; free virtual = 3650
---------------------------------------------------------------------------------
---------------------------------------------------------------------------------
Start IO Insertion
---------------------------------------------------------------------------------
---------------------------------------------------------------------------------
Start Flattening Before IO Insertion
---------------------------------------------------------------------------------
---------------------------------------------------------------------------------
Finished Flattening Before IO Insertion
---------------------------------------------------------------------------------
---------------------------------------------------------------------------------
Start Final Netlist Cleanup
---------------------------------------------------------------------------------
---------------------------------------------------------------------------------
Finished Final Netlist Cleanup
---------------------------------------------------------------------------------
CRITICAL WARNING: [Synth 8-4442] BlackBox module \TX/DAPHNE_TX_support_i  has unconnected pin gt0_txcharisk_in[3]
CRITICAL WARNING: [Synth 8-4442] BlackBox module \TX/DAPHNE_TX_support_i  has unconnected pin gt0_txcharisk_in[2]
CRITICAL WARNING: [Synth 8-4442] BlackBox module \TX/DAPHNE_TX_support_i  has unconnected pin gt0_txcharisk_in[1]
WARNING: [Synth 8-3295] tying undriven pin TX/gt_txfsmresetdone_r_inferred:in0 to constant 0
WARNING: [Synth 8-3295] tying undriven pin TX/gt_txfsmresetdone_r2_inferred:in0 to constant 0
---------------------------------------------------------------------------------
Finished IO Insertion : Time (s): cpu = 00:00:44 ; elapsed = 00:02:01 . Memory (MB): peak = 2445.754 ; gain = 231.738 ; free physical = 380 ; free virtual = 3650
---------------------------------------------------------------------------------
---------------------------------------------------------------------------------
Start Renaming Generated Instances
---------------------------------------------------------------------------------
---------------------------------------------------------------------------------
Finished Renaming Generated Instances : Time (s): cpu = 00:00:44 ; elapsed = 00:02:01 . Memory (MB): peak = 2445.754 ; gain = 231.738 ; free physical = 380 ; free virtual = 3650
---------------------------------------------------------------------------------
---------------------------------------------------------------------------------
Start Rebuilding User Hierarchy
---------------------------------------------------------------------------------
---------------------------------------------------------------------------------
Finished Rebuilding User Hierarchy : Time (s): cpu = 00:00:44 ; elapsed = 00:02:01 . Memory (MB): peak = 2445.754 ; gain = 231.738 ; free physical = 379 ; free virtual = 3650
---------------------------------------------------------------------------------
---------------------------------------------------------------------------------
Start Renaming Generated Ports
---------------------------------------------------------------------------------
---------------------------------------------------------------------------------
Finished Renaming Generated Ports : Time (s): cpu = 00:00:44 ; elapsed = 00:02:01 . Memory (MB): peak = 2445.754 ; gain = 231.738 ; free physical = 379 ; free virtual = 3650
---------------------------------------------------------------------------------
---------------------------------------------------------------------------------
Start Handling Custom Attributes
---------------------------------------------------------------------------------
---------------------------------------------------------------------------------
Finished Handling Custom Attributes : Time (s): cpu = 00:00:44 ; elapsed = 00:02:01 . Memory (MB): peak = 2445.754 ; gain = 231.738 ; free physical = 379 ; free virtual = 3650
---------------------------------------------------------------------------------
---------------------------------------------------------------------------------
Start Renaming Generated Nets
---------------------------------------------------------------------------------
---------------------------------------------------------------------------------
Finished Renaming Generated Nets : Time (s): cpu = 00:00:44 ; elapsed = 00:02:01 . Memory (MB): peak = 2445.754 ; gain = 231.738 ; free physical = 379 ; free virtual = 3650
---------------------------------------------------------------------------------
---------------------------------------------------------------------------------
Start Writing Synthesis Report
---------------------------------------------------------------------------------

Report BlackBoxes: 
+------+--------------+----------+
|      |BlackBox name |Instances |
+------+--------------+----------+
|1     |DAPHNE_TX     |         1|
+------+--------------+----------+

Report Cell Usage: 
+------+----------+------+
|      |Cell      |Count |
+------+----------+------+
|1     |DAPHNE_TX |     1|
|2     |BUFG      |     1|
|3     |CARRY4    |    20|
|4     |LUT1      |     5|
|5     |LUT2      |    63|
|6     |LUT3      |    47|
|7     |LUT4      |    52|
|8     |LUT5      |    45|
|9     |LUT6      |    96|
|10    |RAMB36E1  |    34|
|11    |FDCE      |     2|
|12    |FDRE      |   310|
|13    |FDSE      |    11|
|14    |IBUF      |     3|
|15    |IBUFDS    |     1|
|16    |OBUF      |    10|
+------+----------+------+
---------------------------------------------------------------------------------
Finished Writing Synthesis Report : Time (s): cpu = 00:00:44 ; elapsed = 00:02:01 . Memory (MB): peak = 2445.754 ; gain = 231.738 ; free physical = 379 ; free virtual = 3650
---------------------------------------------------------------------------------
Synthesis finished with 0 errors, 3 critical warnings and 2 warnings.
Synthesis Optimization Runtime : Time (s): cpu = 00:00:38 ; elapsed = 00:01:17 . Memory (MB): peak = 2445.754 ; gain = 98.969 ; free physical = 432 ; free virtual = 3703
Synthesis Optimization Complete : Time (s): cpu = 00:00:45 ; elapsed = 00:02:01 . Memory (MB): peak = 2445.758 ; gain = 231.738 ; free physical = 431 ; free virtual = 3704
INFO: [Project 1-571] Translating synthesized netlist
Netlist sorting complete. Time (s): cpu = 00:00:00.02 ; elapsed = 00:00:00.07 . Memory (MB): peak = 2445.758 ; gain = 0.000 ; free physical = 421 ; free virtual = 3697
INFO: [Netlist 29-17] Analyzing 55 Unisim elements for replacement
INFO: [Netlist 29-28] Unisim Transformation completed in 0 CPU seconds
INFO: [Project 1-570] Preparing netlist for logic optimization
INFO: [Opt 31-138] Pushed 0 inverter(s) to 0 load pin(s).
Netlist sorting complete. Time (s): cpu = 00:00:00 ; elapsed = 00:00:00 . Memory (MB): peak = 2445.758 ; gain = 0.000 ; free physical = 340 ; free virtual = 3638
INFO: [Project 1-111] Unisim Transformation Summary:
No Unisim elements were transformed.

INFO: [Common 17-83] Releasing license: Synthesis
77 Infos, 6 Warnings, 3 Critical Warnings and 0 Errors encountered.
synth_design completed successfully
synth_design: Time (s): cpu = 00:00:53 ; elapsed = 00:02:23 . Memory (MB): peak = 2445.758 ; gain = 231.848 ; free physical = 480 ; free virtual = 3782
INFO: [Common 17-600] The following parameters have non-default value.
tcl.collectionResultDisplayLimit
WARNING: [Constraints 18-5210] No constraints selected for write.
Resolution: This message can indicate that there are no constraints for the design, or it can indicate that the used_in flags are set such that the constraints are ignored. This later case is used when running synth_design to not write synthesis constraints to the resulting checkpoint. Instead, project constraints are read when the synthesized design is opened.
INFO: [Common 17-1381] The checkpoint '/home/daphnelme/Desktop/DAPHNE_TEST/2nd/loopback_v2/loopback_v2.runs/synth_1/top.dcp' has been generated.
INFO: [runtcl-4] Executing : report_utilization -file top_utilization_synth.rpt -pb top_utilization_synth.pb
INFO: [Common 17-206] Exiting Vivado at Thu Jan 20 16:32:29 2022...
